[
  "VVOS",
  "HLXB",
  "NTWK",
  "BMEA",
  "LSH",
  "ZBAO",
  "LAR",
  "BOSC",
  "SHPH",
  "RCON",
  "ESOA",
  "JCSE",
  "GBR",
  "APWC",
  "LZMH",
  "LPBB",
  "COHN",
  "WLAC",
  "GRNQ",
  "DRDB",
  "BFST",
  "BHST",
  "RFIL",
  "YAAS",
  "REVB",
  "VLCN",
  "FORD",
  "YOTA",
  "MBAV",
  "AVR",
  "ILLR",
  "FTEK",
  "GWAV",
  "AXR",
  "CCEC",
  "NWTG",
  "FER",
  "AITR",
  "FPH",
  "ATCH",
  "MSPR",
  "CRDF",
  "CAPS",
  "CFBK",
  "CVR",
  "ASRV",
  "INDP",
  "UG",
  "WINT",
  "IKT",
  "SBET",
  "FORL",
  "OMCC",
  "AWRE",
  "MIND",
  "AYRO",
  "VEEA",
  "VACH",
  "RDAC",
  "WTO",
  "EXOD",
  "AIRJ",
  "CREG",
  "SCNX",
  "SYPR",
  "SABS",
  "AIFF",
  "FVCB",
  "FLGC",
  "OCC",
  "ARTW",
  "ZG",
  "MIMI",
  "GTIM",
  "OCSL",
  "KELYB",
  "EHGO",
  "LGF.A",
  "AGM.A",
  "MOG.B",
  "TOMZ",
  "ANNA",
  "CLIR",
  "FATBB",
  "CNFR",
  "USAR",
  "BKTI",
  "EFSI",
  "MTEN",
  "FVN",
  "CTRN",
  "RETO",
  "CSCI",
  "ARBB",
  "GRAF",
  "GORV",
  "AMOD",
  "TZUP",
  "HSPT",
  "CHSN",
  "BGM",
  "ZJYL",
  "CKX",
  "GSBD",
  "LOBO",
  "FENC",
  "NAII",
  "CCAP",
  "ZCAR",
  "BTOC",
  "NNNN",
  "NMTC",
  "HOLO",
  "BTTR",
  "GTN.A",
  "NWFL",
  "BTCT",
  "IVDA",
  "MBRX",
  "AACT",
  "JXG",
  "TRSG",
  "CEP",
  "HMR",
  "EDTK",
  "AAMI",
  "XBP",
  "HCTI",
  "NITO",
  "INTZ",
  "CTOR",
  "SYRA",
  "ALZN",
  "HPAI",
  "CZFS",
  "FDSB",
  "PTHL",
  "SLE",
  "MHUA",
  "CGBS",
  "ILAG",
  "CPBI",
  "PAMT",
  "GORO",
  "ALCY",
  "SBXD",
  "JVSA",
  "APVO",
  "AVTX",
  "CNVS",
  "PBM",
  "AFJK",
  "ABVC",
  "ACOG",
  "HTCR",
  "BENF",
  "GLBZ",
  "CDRO",
  "GPUS",
  "FNWD",
  "SHFS",
  "SPCB",
  "CRD.A",
  "CYCU",
  "ABP",
  "CDTX",
  "SUNE",
  "CHNR",
  "XRTX",
  "MWG",
  "LBGJ",
  "NVNI",
  "JVA",
  "HKIT",
  "CLPS",
  "BBLG",
  "FBGL",
  "SLXN",
  "MAYA",
  "TANH",
  "MDBH",
  "RFAI",
  "ATLN",
  "GDHG",
  "FPAY",
  "SNTG",
  "RDGT",
  "FTEL",
  "SBFM",
  "RZLV",
  "INLX",
  "NLSP",
  "BF.B",
  "OKUR",
  "TNFA",
  "RELI",
  "LNKS",
  "STRR",
  "PRSO",
  "EPRX",
  "ECO",
  "HEI.A",
  "HOVR",
  "INHD",
  "SISI",
  "BHRB",
  "XHLD",
  "QETA",
  "CSBR",
  "SPAI",
  "ZVSA",
  "ONCO",
  "ELTK",
  "LOGC",
  "COFS",
  "EDUC",
  "ACXP",
  "METCB",
  "HIHO",
  "SNWV",
  "BAER",
  "CBAN",
  "AMPG",
  "HCWB",
  "KFII",
  "AEI",
  "ASPC",
  "RAND",
  "PITA",
  "SBEV",
  "MIRA",
  "PCSC",
  "MHH",
  "BEAG",
  "BF.A",
  "STSS",
  "BTBD",
  "EONR",
  "ABLV",
  "AGAE",
  "IROH",
  "HUHU",
  "ELSE",
  "LYT",
  "ATXI",
  "CPHC",
  "OXBR",
  "RDZN",
  "SFHG",
  "SRBK",
  "TRNR",
  "EURK",
  "TKNO",
  "MAGN",
  "LGCB",
  "NVVE",
  "NCRA",
  "DNTH",
  "CJMB",
  "YSXT",
  "FFAI",
  "ADVB",
  "MXC",
  "DOMH",
  "BIO.B",
  "EWCZ",
  "SAGT",
  "IROQ",
  "CTHR",
  "BGI",
  "APT",
  "HCAI",
  "ONEG",
  "CBFV",
  "GPAT",
  "WLYB",
  "PTIX",
  "NURO",
  "YGMZ",
  "WOK",
  "MFIC",
  "ADGM",
  "ESQ",
  "CTRM",
  "ELPW",
  "MAYS",
  "SNSE",
  "GRCE",
  "BXSL",
  "IFBD",
  "JZXN",
  "TBH",
  "BOLT",
  "CURR",
  "DECA",
  "CDTG",
  "ZJK",
  "GV",
  "TNON",
  "CHRO",
  "PGHL",
  "CRD.B",
  "FLOC",
  "ORKT",
  "NTCL",
  "NXXT",
  "AMIX",
  "XTKG",
  "TWG",
  "GTBP",
  "GTI",
  "BETR",
  "NBY",
  "DEC",
  "JFB",
  "SNFCA",
  "DYAI",
  "ALGS",
  "ANGH",
  "WLDS",
  "AWH",
  "CVU",
  "CTEV",
  "AMSC",
  "CHAR",
  "FMNB",
  "PLRZ",
  "SPRC",
  "NECB",
  "OPHC",
  "MASK",
  "XIFR",
  "MTVA",
  "AP",
  "ONIT",
  "ESHA",
  "BAFN",
  "PLUR",
  "RMSG",
  "DVLT",
  "IRD",
  "NUKK",
  "MKDW",
  "HSON",
  "RNAZ",
  "BMGL",
  "OSRH",
  "AREB",
  "BYFC",
  "HTOO",
  "DCTH",
  "AMTM",
  "REFR",
  "INBS",
  "DMN",
  "LGMK",
  "EEIQ",
  "BNAI",
  "JUNE",
  "ENFY",
  "CLDI",
  "ZYBT",
  "AQMS",
  "WKSP",
  "NTRP",
  "DRMA",
  "CFSB",
  "JCTC",
  "JWEL",
  "ADD",
  "FRAF",
  "HTLM",
  "AAME",
  "RNXT",
  "CMLS",
  "JBDI",
  "NDRA",
  "NISN",
  "GANX",
  "KAPA",
  "PCSA",
  "FTCI",
  "HCVI",
  "DYCQ",
  "TDAC",
  "ORKA",
  "ITP",
  "MTC",
  "SXTC",
  "HOND",
  "LEN.B",
  "ANSC",
  "SMX",
  "BACQ",
  "FBYD",
  "SBC",
  "CLBK",
  "FSUN",
  "LEGT",
  "NXL",
  "LSTA",
  "RUSHB",
  "EPWK",
  "SNES",
  "TOVX",
  "FTHM",
  "PZG",
  "VERO",
  "INLF",
  "VCIC",
  "TNMG",
  "POLE",
  "ATMC",
  "GSRT",
  "NAOV",
  "UOKA",
  "XELB",
  "QMMM",
  "RECT",
  "CLEU",
  "GOOGL",
  "MTEK",
  "INTJ",
  "ICCT",
  "ECG",
  "CNEY",
  "FUSB",
  "GMHS",
  "CCLD",
  "CGTL",
  "GOVX",
  "FCBC",
  "CBNK",
  "CRML",
  "RVPH",
  "ALLR",
  "TOPP",
  "CYD",
  "BNT",
  "CMND",
  "IVCA",
  "GLE",
  "AEHL",
  "BCTX",
  "JDZG",
  "VRME",
  "INVX",
  "FCCO",
  "ISRL",
  "GLTO",
  "SCPX",
  "MTAL",
  "MLAC",
  "MGIH",
  "EP",
  "BWLP",
  "PC",
  "HVT.A",
  "SSY",
  "EBON",
  "LNKB",
  "MCTR",
  "XYZ",
  "FDBC",
  "MTEX",
  "GURE",
  "NWSA",
  "CPSS",
  "MACI",
  "CZWI",
  "CSWC",
  "ORIS",
  "SIMA",
  "CALC",
  "TLF",
  "TRAW",
  "EPM",
  "AAM",
  "PNBK",
  "SPKL",
  "ACNT",
  "COEP",
  "CHMG",
  "HCWC",
  "CELZ",
  "LICN",
  "KFFB",
  "HKPD",
  "ENVB",
  "OACC",
  "LDTC",
  "MIGI",
  "HSPO",
  "CCIX",
  "DOGZ",
  "CARE",
  "CCB",
  "SRZN",
  "SUGP",
  "WAI",
  "DTSQ",
  "BBUC",
  "MYSZ",
  "TOYO",
  "EBMT",
  "GIG",
  "WYY",
  "BAYA",
  "CLRO",
  "JYD",
  "GEF.B",
  "ZENA",
  "ARKR",
  "WAFU",
  "WINV",
  "FGL",
  "OAKU",
  "RNTX",
  "SEI",
  "LBTYA",
  "WORX",
  "ANEB",
  "IBO",
  "CASK",
  "LBTYK",
  "CLMB",
  "ICMB",
  "PAVS",
  "BKHA",
  "ADTX",
  "PRSU",
  "TIC",
  "BTM",
  "SKYQ",
  "EQS",
  "FSI",
  "TCBS",
  "IRIX",
  "DGICB",
  "NOTE",
  "ACON",
  "EQV",
  "ABVE",
  "LEDS",
  "DXR",
  "APLM",
  "OCTO",
  "SSKN",
  "MDCX",
  "CLRC",
  "CEPO",
  "NIVF",
  "TSSI",
  "DLHC",
  "CYTH",
  "TBCH",
  "IBAC",
  "RIBB",
  "EFSH",
  "VRPX",
  "FBP",
  "CLYM",
  "ELBM",
  "LGF.B",
  "BRID",
  "FMST",
  "DTST",
  "CAPT",
  "DATS",
  "IMG",
  "OFS",
  "MLGO",
  "NTIP",
  "BDTX",
  "STAI",
  "PSTV",
  "GITS",
  "AERT",
  "DMYY",
  "NOEM",
  "EDRY",
  "USEA",
  "PSIG",
  "HIT",
  "BCDA",
  "SNDK",
  "CODA",
  "FOXO",
  "GXAI",
  "SAG",
  "ESP",
  "AIEV",
  "NXPL",
  "VMAR",
  "UPC",
  "CREV",
  "PLMK",
  "BWMN",
  "INGM",
  "PVLA",
  "NTRB",
  "PSQH",
  "LTRY",
  "TPVG",
  "DMAA",
  "SNT",
  "BLFY",
  "FTFT",
  "EXOZ",
  "CLRB",
  "TAP.A",
  "TAIT",
  "GBBK",
  "VEEE",
  "VSEE",
  "CADL",
  "DWTX",
  "FSEA",
  "FMTO",
  "ATEC",
  "LPAA",
  "MPU",
  "MBIO",
  "NCEW",
  "BRN",
  "PTLE",
  "CDIO",
  "BYRN",
  "IHT",
  "NVFY",
  "RSLS",
  "BNRG",
  "POCI",
  "TENX",
  "TE",
  "UFG",
  "BUJA",
  "SMTK",
  "BEEP",
  "NEHC",
  "SLRX",
  "GLBS",
  "NETD",
  "SKBL",
  "IPSC",
  "CLNN",
  "VSTE",
  "CWEN.A",
  "CNTM",
  "XTIA",
  "HLEO",
  "HWH",
  "EWTX",
  "CGTX",
  "UBCP",
  "LBRDK",
  "TRUG",
  "COLA",
  "NRXS",
  "SMC",
  "GTEC",
  "ENTO",
  "MFI",
  "MSW",
  "KDLY",
  "NPKI",
  "FRBA",
  "ZEO",
  "MRBK",
  "ESLA",
  "STHO",
  "CPOP",
  "SGD",
  "GYRO",
  "EDSA",
  "SVA",
  "FXNC",
  "LSE",
  "ASMB",
  "TIRX",
  "HLP",
  "NIXX",
  "ETON",
  "BIVI",
  "USCB",
  "PHGE",
  "CEAD",
  "FACT",
  "CYCC",
  "CHEB",
  "KWE",
  "BSII",
  "BJDX",
  "VTAK",
  "AMBI",
  "IZM",
  "CHEK",
  "AZI",
  "CRBU",
  "CJET",
  "IPM",
  "NEUP",
  "BSLK",
  "SEED",
  "UTSI",
  "FBRX",
  "HTCO",
  "DTSS",
  "ATXS",
  "IPDN",
  "COOT",
  "WETO",
  "JBTM",
  "BIPC",
  "SEG",
  "FFNW",
  "KVAC",
  "FSBW",
  "HVII",
  "ATGL",
  "KRMN",
  "HURA",
  "LILAK",
  "YHGJ",
  "NAYA",
  "GSIT",
  "DYNX",
  "BURU",
  "WNW",
  "GDC",
  "UUU",
  "AUBN",
  "CHR",
  "LITM",
  "MSDL",
  "OPXS",
  "ICCM",
  "CPHI",
  "SPHL",
  "SWAG",
  "DAIO",
  "RDIB",
  "UK",
  "BRTX",
  "APUS",
  "CISS",
  "UBXG",
  "MSAI",
  "WETH",
  "NGS",
  "INAB",
  "PSBD",
  "TWNP",
  "OVLY",
  "RMCF",
  "LUD",
  "HTB",
  "SAIH",
  "DRRX",
  "BBCP",
  "GIFT",
  "ABTS",
  "MKC.V",
  "CREX",
  "FSFG",
  "MRKR",
  "MI",
  "CRDL",
  "XGN",
  "STAK",
  "FEBO",
  "PALI",
  "ATMV",
  "ELMD",
  "SGLY",
  "SGI",
  "MOG.A",
  "KBDC",
  "ZDGE",
  "DHAI",
  "CKPT",
  "GDST",
  "SQFT",
  "ONMD",
  "DIST",
  "AGRI",
  "LIQT",
  "JBSS",
  "COCH",
  "EBF",
  "SYTA",
  "EJH",
  "SILO",
  "WCT",
  "RENE",
  "INV",
  "KLTO",
  "JUNS",
  "ASBP",
  "OST",
  "FCAP",
  "SRM",
  "CNET",
  "DMAC",
  "BRK.A",
  "MFH",
  "BH.A",
  "ALF",
  "DSWL",
  "OCG",
  "IVP",
  "MWYN",
  "MSN",
  "GLAC",
  "MCVT",
  "NXTT",
  "ZOOZ",
  "CENTA",
  "USEG",
  "HYAC",
  "ENLV",
  "LGL",
  "CNCK",
  "UHAL.B",
  "YOSH",
  "SXTP",
  "CPIX",
  "DXST",
  "ISPO",
  "NXGL",
  "FLD",
  "CLIK",
  "QVCGA",
  "ZBAI",
  "SYNX",
  "BRBS",
  "ALTS",
  "PLAO",
  "STFS",
  "FIP",
  "PLAG",
  "UNCY",
  "FDUS",
  "LEXX",
  "BSBK",
  "DEVS",
  "SDOT",
  "LKCO",
  "CERO",
  "SPHR",
  "GRDN",
  "CBUS",
  "GCTK",
  "SNPX",
  "FTLF",
  "ELTX",
  "MNDO",
  "MATH",
  "JACS",
  "FOXX",
  "BOWN",
  "AGH",
  "FUNC",
  "KPRX",
  "SOAR",
  "GSIW",
  "SKK",
  "MCRP",
  "VHC",
  "LIXT",
  "NMFC",
  "BRDG",
  "RVYL",
  "BCG",
  "PYPD",
  "BLIN",
  "YHC",
  "XWEL",
  "COSM",
  "TRT",
  "NXTC",
  "KTCC",
  "DUO",
  "EVTV",
  "FOXA",
  "KBSX",
  "ROMA",
  "TCPC",
  "RMCO",
  "MITQ",
  "CSPI",
  "TAOP",
  "ZCMD",
  "TAVI",
  "WILC",
  "CLST",
  "POAI",
  "CLWT",
  "AGMH",
  "CLGN",
  "JRSH",
  "CELC",
  "BNZI",
  "ACCS",
  "BRLT",
  "SDST",
  "AIMD",
  "BANX",
  "SKGR",
  "AUUD",
  "WSO.B",
  "AOUT",
  "FG",
  "PMAX",
  "PMN",
  "CNSP",
  "DSY",
  "ECDA",
  "DWSN",
  "GRI",
  "GAME",
  "ICON",
  "PSIX",
  "NEUE",
  "QNTM",
  "MEIP",
  "WLGS",
  "FGF",
  "XCUR",
  "PBBK",
  "YHNA",
  "MSIF",
  "AIFE",
  "CLBR",
  "FLIC",
  "FOA",
  "GATE",
  "FBLA",
  "CAPN",
  "DALN",
  "BACK",
  "BTMD",
  "CCIR",
  "RANG",
  "NGVC",
  "MODD",
  "SONN",
  "BRIA",
  "GLXG",
  "QLGN",
  "MSSA",
  "BON",
  "NRSN",
  "PMCB",
  "PHLT",
  "WVVI",
  "IBG",
  "MRCC",
  "RAY",
  "SVT",
  "BTOG",
  "TBMC",
  "EMCG",
  "FGMC",
  "MFIN",
  "BOTJ",
  "ALDF",
  "FSHP",
  "AMST",
  "SVII",
  "NTWO",
  "QVCGB",
  "ALOT",
  "FKWL",
  "KTTA",
  "RHLD",
  "ESGL",
  "NEPH",
  "HOFV",
  "BLNE",
  "SIF",
  "SANW",
  "HUDI",
  "CHCI",
  "CCG",
  "CSTL",
  "CVV",
  "BZAI",
  "NSYS",
  "INM",
  "ICCC",
  "BDL",
  "BRK.B",
  "UAA",
  "PHH",
  "LDWY",
  "ZAPP",
  "GCL",
  "AWX",
  "PARAA",
  "PETZ",
  "ROLR",
  "BTCS",
  "RIME",
  "MDAI",
  "YYGH",
  "EVGN",
  "AMS",
  "AIHS",
  "CDT",
  "DRIO",
  "CLPT",
  "GIPR",
  "NCDL",
  "XAGE",
  "ARTL",
  "CPSH"
]