Failed: RASP - 302
Failed: HUHU - 302
Failed: BTOW - 302
Failed: GLVIF - 302
Failed: SNRY - 302
Failed: OKAIF - 302
Failed: GLKIF - 302
Failed: SHCAF - 302
Failed: LSHWS - 302
Failed: RCEVS - 302
Failed: OTCFF - 302
Failed: JAPPF - 302
Failed: GLAPF - 302
Failed: ERINQ - 302
Failed: MKSEF - 302
Failed: TBET - 302
Failed: EMYSF - 302
Failed: FMNJ - 302
Failed: SKTO - 302
Failed: CFPI - 302
Failed: GRNBF - 302
Failed: ELSE - 302
Failed: TLSNF - 302
Failed: BOTY - 302
Failed: AGAGF - 302
Failed: LYT - 302
Failed: QURT - 302
Failed: MDWK - 302
Failed: STGBS - 302
Failed: SNRR - 302
Failed: ATXI - 302
Failed: HENGF - 302
Failed: BREUF - 302
Failed: OYOCF - 302
Failed: IRIDQ - 302
Failed: TERRF - 302
Failed: BLLQF - 302
Failed: PCNT - 302
Failed: MWRRS - 302
Failed: MAXQF - 302
Failed: BIOAF - 302
Failed: GEVI - 302
Failed: GNSPF - 302
Failed: IMMB - 302
Failed: CPHC - 302
Failed: TNFYF - 302
Failed: MSBHF - 302
Failed: CCOOF - 302
Failed: NCCBF - 302
Failed: OXBR - 302
Failed: LEEEF - 302
Failed: MHRE - 302
Failed: UACJF - 302
Failed: RDEL - 302
Failed: PGNE - 302
Failed: CGXEF - 302
Failed: DROR - 302
Failed: TTTRF - 302
Failed: NERG - 302
Failed: NMLSF - 302
Failed: COLUF - 302
Failed: GKTRF - 302
Failed: BLKLF - 302
Failed: DRVYF - 302
Failed: IRLCF - 302
Failed: MMNNF - 302
Failed: SYVC - 302
Failed: PBMLF - 302
Failed: IDPUF - 302
Failed: PTTL - 302
Failed: TNYBF - 302
Failed: LODFF - 302
Failed: VGLIF - 302
Failed: LKFLF - 302
Failed: ARRT - 302
Failed: SUND - 302
Failed: HCMLF - 302
Failed: LINS - 302
Failed: MDCKF - 302
Failed: BZLFF - 302
Failed: SECCF - 302
Failed: LGTS - 302
Failed: WANSF - 302
Failed: KRNGF - 302
Failed: CHBGF - 302
Failed: AURT - 302
Failed: ELWSF - 302
Failed: RWWNS - 302
Failed: TRUHF - 302
Failed: XNGSF - 302
Failed: BMCLF - 302
Failed: FUEMF - 302
Failed: BBAJF - 302
Failed: TOOD - 302
Failed: FBVI - 302
Failed: TZPC - 302
Failed: RNOPF - 302
Failed: WGLIF - 302
Failed: TRVR - 302
